2026-02-04T20:19:31: [error] - Error: Cannot find module '../generated/prisma'
Require stack:
- D:\saif_projects\interview assigment\insightboard-backend\src\services\transcript.service.ts
- D:\saif_projects\interview assigment\insightboard-backend\src\routes\transcripts.route.ts
- D:\saif_projects\interview assigment\insightboard-backend\src\app.ts
- D:\saif_projects\interview assigment\insightboard-backend\src\server.ts
    at Function.<anonymous> (node:internal/modules/cjs/loader:1249:15)
    at Function.Module._resolveFilename.sharedData.moduleResolveFilenameHook.installedValue [as _resolveFilename] (D:\saif_projects\interview assigment\insightboard-backend\node_modules\@cspotcode\source-map-support\source-map-support.js:811:30)
    at Function._load (node:internal/modules/cjs/loader:1075:27)
    at TracingChannel.traceSync (node:diagnostics_channel:322:14)
    at wrapModuleLoad (node:internal/modules/cjs/loader:219:24)
    at Module.require (node:internal/modules/cjs/loader:1340:12)
    at require (node:internal/modules/helpers:138:16)
    at Object.<anonymous> (D:\saif_projects\interview assigment\insightboard-backend\src\services\transcript.service.ts:10:1)
    at Module._compile (node:internal/modules/cjs/loader:1565:14)
    at Module.m._compile (D:\saif_projects\interview assigment\insightboard-backend\node_modules\ts-node\src\index.ts:1618:23) {"error":{"code":"MODULE_NOT_FOUND","requireStack":["D:\\saif_projects\\interview assigment\\insightboard-backend\\src\\services\\transcript.service.ts","D:\\saif_projects\\interview assigment\\insightboard-backend\\src\\routes\\transcripts.route.ts","D:\\saif_projects\\interview assigment\\insightboard-backend\\src\\app.ts","D:\\saif_projects\\interview assigment\\insightboard-backend\\src\\server.ts"]},"exception":true,"date":"Wed Feb 04 2026 20:19:31 GMT+0530 (India Standard Time)","process":{"pid":31064,"uid":null,"gid":null,"cwd":"D:\\saif_projects\\interview assigment\\insightboard-backend","execPath":"C:\\Program Files\\nodejs\\node.exe","version":"v22.12.0","argv":["D:\\saif_projects\\interview assigment\\insightboard-backend\\node_modules\\ts-node\\dist\\bin.js","D:\\saif_projects\\interview assigment\\insightboard-backend\\src\\server.ts"],"memoryUsage":{"rss":247128064,"heapTotal":204492800,"heapUsed":176960592,"external":5339604,"arrayBuffers":2481998}},"os":{"loadavg":[0,0,0],"uptime":6575252.968},"trace":[{"column":15,"file":"node:internal/modules/cjs/loader","function":null,"line":1249,"method":null,"native":false},{"column":30,"file":"D:\\saif_projects\\interview assigment\\insightboard-backend\\node_modules\\@cspotcode\\source-map-support\\source-map-support.js","function":"Module._resolveFilename.sharedData.moduleResolveFilenameHook.installedValue [as _resolveFilename]","line":811,"method":"installedValue [as _resolveFilename]","native":false},{"column":27,"file":"node:internal/modules/cjs/loader","function":"Function._load","line":1075,"method":"_load","native":false},{"column":14,"file":"node:diagnostics_channel","function":"TracingChannel.traceSync","line":322,"method":"traceSync","native":false},{"column":24,"file":"node:internal/modules/cjs/loader","function":"wrapModuleLoad","line":219,"method":null,"native":false},{"column":12,"file":"node:internal/modules/cjs/loader","function":"Module.require","line":1340,"method":"require","native":false},{"column":16,"file":"node:internal/modules/helpers","function":"require","line":138,"method":null,"native":false},{"column":1,"file":"D:\\saif_projects\\interview assigment\\insightboard-backend\\src\\services\\transcript.service.ts","function":null,"line":10,"method":null,"native":false},{"column":14,"file":"node:internal/modules/cjs/loader","function":"Module._compile","line":1565,"method":"_compile","native":false},{"column":23,"file":"D:\\saif_projects\\interview assigment\\insightboard-backend\\node_modules\\ts-node\\src\\index.ts","function":"Module.m._compile","line":1618,"method":"_compile","native":false}]}
2026-02-04T20:23:11: [error] - Error: Cannot find module '../generated/prisma'
Require stack:
- D:\saif_projects\interview assigment\insightboard-backend\src\services\transcript.service.ts
- D:\saif_projects\interview assigment\insightboard-backend\src\routes\transcripts.route.ts
- D:\saif_projects\interview assigment\insightboard-backend\src\app.ts
- D:\saif_projects\interview assigment\insightboard-backend\src\server.ts
    at Function.<anonymous> (node:internal/modules/cjs/loader:1249:15)
    at Function.Module._resolveFilename.sharedData.moduleResolveFilenameHook.installedValue [as _resolveFilename] (D:\saif_projects\interview assigment\insightboard-backend\node_modules\@cspotcode\source-map-support\source-map-support.js:811:30)
    at Function._load (node:internal/modules/cjs/loader:1075:27)
    at TracingChannel.traceSync (node:diagnostics_channel:322:14)
    at wrapModuleLoad (node:internal/modules/cjs/loader:219:24)
    at Module.require (node:internal/modules/cjs/loader:1340:12)
    at require (node:internal/modules/helpers:138:16)
    at Object.<anonymous> (D:\saif_projects\interview assigment\insightboard-backend\src\services\transcript.service.ts:10:1)
    at Module._compile (node:internal/modules/cjs/loader:1565:14)
    at Module.m._compile (D:\saif_projects\interview assigment\insightboard-backend\node_modules\ts-node\src\index.ts:1618:23) {"error":{"code":"MODULE_NOT_FOUND","requireStack":["D:\\saif_projects\\interview assigment\\insightboard-backend\\src\\services\\transcript.service.ts","D:\\saif_projects\\interview assigment\\insightboard-backend\\src\\routes\\transcripts.route.ts","D:\\saif_projects\\interview assigment\\insightboard-backend\\src\\app.ts","D:\\saif_projects\\interview assigment\\insightboard-backend\\src\\server.ts"]},"exception":true,"date":"Wed Feb 04 2026 20:23:11 GMT+0530 (India Standard Time)","process":{"pid":25732,"uid":null,"gid":null,"cwd":"D:\\saif_projects\\interview assigment\\insightboard-backend","execPath":"C:\\Program Files\\nodejs\\node.exe","version":"v22.12.0","argv":["D:\\saif_projects\\interview assigment\\insightboard-backend\\node_modules\\ts-node\\dist\\bin.js","D:\\saif_projects\\interview assigment\\insightboard-backend\\src\\server.ts"],"memoryUsage":{"rss":247853056,"heapTotal":203182080,"heapUsed":179632896,"external":7780050,"arrayBuffers":4922444}},"os":{"loadavg":[0,0,0],"uptime":6575472.89},"trace":[{"column":15,"file":"node:internal/modules/cjs/loader","function":null,"line":1249,"method":null,"native":false},{"column":30,"file":"D:\\saif_projects\\interview assigment\\insightboard-backend\\node_modules\\@cspotcode\\source-map-support\\source-map-support.js","function":"Module._resolveFilename.sharedData.moduleResolveFilenameHook.installedValue [as _resolveFilename]","line":811,"method":"installedValue [as _resolveFilename]","native":false},{"column":27,"file":"node:internal/modules/cjs/loader","function":"Function._load","line":1075,"method":"_load","native":false},{"column":14,"file":"node:diagnostics_channel","function":"TracingChannel.traceSync","line":322,"method":"traceSync","native":false},{"column":24,"file":"node:internal/modules/cjs/loader","function":"wrapModuleLoad","line":219,"method":null,"native":false},{"column":12,"file":"node:internal/modules/cjs/loader","function":"Module.require","line":1340,"method":"require","native":false},{"column":16,"file":"node:internal/modules/helpers","function":"require","line":138,"method":null,"native":false},{"column":1,"file":"D:\\saif_projects\\interview assigment\\insightboard-backend\\src\\services\\transcript.service.ts","function":null,"line":10,"method":null,"native":false},{"column":14,"file":"node:internal/modules/cjs/loader","function":"Module._compile","line":1565,"method":"_compile","native":false},{"column":23,"file":"D:\\saif_projects\\interview assigment\\insightboard-backend\\node_modules\\ts-node\\src\\index.ts","function":"Module.m._compile","line":1618,"method":"_compile","native":false}]}
2026-02-04T20:23:24: [error] - Error: Cannot find module '../generated/prisma'
Require stack:
- D:\saif_projects\interview assigment\insightboard-backend\src\services\transcript.service.ts
- D:\saif_projects\interview assigment\insightboard-backend\src\routes\transcripts.route.ts
- D:\saif_projects\interview assigment\insightboard-backend\src\app.ts
- D:\saif_projects\interview assigment\insightboard-backend\src\server.ts
    at Function.<anonymous> (node:internal/modules/cjs/loader:1249:15)
    at Function.Module._resolveFilename.sharedData.moduleResolveFilenameHook.installedValue [as _resolveFilename] (D:\saif_projects\interview assigment\insightboard-backend\node_modules\@cspotcode\source-map-support\source-map-support.js:811:30)
    at Function._load (node:internal/modules/cjs/loader:1075:27)
    at TracingChannel.traceSync (node:diagnostics_channel:322:14)
    at wrapModuleLoad (node:internal/modules/cjs/loader:219:24)
    at Module.require (node:internal/modules/cjs/loader:1340:12)
    at require (node:internal/modules/helpers:138:16)
    at Object.<anonymous> (D:\saif_projects\interview assigment\insightboard-backend\src\services\transcript.service.ts:10:1)
    at Module._compile (node:internal/modules/cjs/loader:1565:14)
    at Module.m._compile (D:\saif_projects\interview assigment\insightboard-backend\node_modules\ts-node\src\index.ts:1618:23) {"error":{"code":"MODULE_NOT_FOUND","requireStack":["D:\\saif_projects\\interview assigment\\insightboard-backend\\src\\services\\transcript.service.ts","D:\\saif_projects\\interview assigment\\insightboard-backend\\src\\routes\\transcripts.route.ts","D:\\saif_projects\\interview assigment\\insightboard-backend\\src\\app.ts","D:\\saif_projects\\interview assigment\\insightboard-backend\\src\\server.ts"]},"exception":true,"date":"Wed Feb 04 2026 20:23:24 GMT+0530 (India Standard Time)","process":{"pid":35772,"uid":null,"gid":null,"cwd":"D:\\saif_projects\\interview assigment\\insightboard-backend","execPath":"C:\\Program Files\\nodejs\\node.exe","version":"v22.12.0","argv":["D:\\saif_projects\\interview assigment\\insightboard-backend\\node_modules\\ts-node\\dist\\bin.js","D:\\saif_projects\\interview assigment\\insightboard-backend\\src\\server.ts"],"memoryUsage":{"rss":248856576,"heapTotal":204230656,"heapUsed":175757632,"external":7762396,"arrayBuffers":4904790}},"os":{"loadavg":[0,0,0],"uptime":6575485.75},"trace":[{"column":15,"file":"node:internal/modules/cjs/loader","function":null,"line":1249,"method":null,"native":false},{"column":30,"file":"D:\\saif_projects\\interview assigment\\insightboard-backend\\node_modules\\@cspotcode\\source-map-support\\source-map-support.js","function":"Module._resolveFilename.sharedData.moduleResolveFilenameHook.installedValue [as _resolveFilename]","line":811,"method":"installedValue [as _resolveFilename]","native":false},{"column":27,"file":"node:internal/modules/cjs/loader","function":"Function._load","line":1075,"method":"_load","native":false},{"column":14,"file":"node:diagnostics_channel","function":"TracingChannel.traceSync","line":322,"method":"traceSync","native":false},{"column":24,"file":"node:internal/modules/cjs/loader","function":"wrapModuleLoad","line":219,"method":null,"native":false},{"column":12,"file":"node:internal/modules/cjs/loader","function":"Module.require","line":1340,"method":"require","native":false},{"column":16,"file":"node:internal/modules/helpers","function":"require","line":138,"method":null,"native":false},{"column":1,"file":"D:\\saif_projects\\interview assigment\\insightboard-backend\\src\\services\\transcript.service.ts","function":null,"line":10,"method":null,"native":false},{"column":14,"file":"node:internal/modules/cjs/loader","function":"Module._compile","line":1565,"method":"_compile","native":false},{"column":23,"file":"D:\\saif_projects\\interview assigment\\insightboard-backend\\node_modules\\ts-node\\src\\index.ts","function":"Module.m._compile","line":1618,"method":"_compile","native":false}]}
2026-02-04T20:32:21: [error] - Error: Cannot find module '../generated/prisma'
Require stack:
- D:\saif_projects\interview assigment\insightboard-backend\src\services\transcript.service.ts
- D:\saif_projects\interview assigment\insightboard-backend\src\routes\transcripts.route.ts
- D:\saif_projects\interview assigment\insightboard-backend\src\app.ts
- D:\saif_projects\interview assigment\insightboard-backend\src\server.ts
    at Function.<anonymous> (node:internal/modules/cjs/loader:1249:15)
    at Function.Module._resolveFilename.sharedData.moduleResolveFilenameHook.installedValue [as _resolveFilename] (D:\saif_projects\interview assigment\insightboard-backend\node_modules\@cspotcode\source-map-support\source-map-support.js:811:30)
    at Function._load (node:internal/modules/cjs/loader:1075:27)
    at TracingChannel.traceSync (node:diagnostics_channel:322:14)
    at wrapModuleLoad (node:internal/modules/cjs/loader:219:24)
    at Module.require (node:internal/modules/cjs/loader:1340:12)
    at require (node:internal/modules/helpers:138:16)
    at Object.<anonymous> (D:\saif_projects\interview assigment\insightboard-backend\src\services\transcript.service.ts:10:1)
    at Module._compile (node:internal/modules/cjs/loader:1565:14)
    at Module.m._compile (D:\saif_projects\interview assigment\insightboard-backend\node_modules\ts-node\src\index.ts:1618:23) {"error":{"code":"MODULE_NOT_FOUND","requireStack":["D:\\saif_projects\\interview assigment\\insightboard-backend\\src\\services\\transcript.service.ts","D:\\saif_projects\\interview assigment\\insightboard-backend\\src\\routes\\transcripts.route.ts","D:\\saif_projects\\interview assigment\\insightboard-backend\\src\\app.ts","D:\\saif_projects\\interview assigment\\insightboard-backend\\src\\server.ts"]},"exception":true,"date":"Wed Feb 04 2026 20:32:21 GMT+0530 (India Standard Time)","process":{"pid":40216,"uid":null,"gid":null,"cwd":"D:\\saif_projects\\interview assigment\\insightboard-backend","execPath":"C:\\Program Files\\nodejs\\node.exe","version":"v22.12.0","argv":["D:\\saif_projects\\interview assigment\\insightboard-backend\\node_modules\\ts-node\\dist\\bin.js","D:\\saif_projects\\interview assigment\\insightboard-backend\\src\\server.ts"],"memoryUsage":{"rss":246382592,"heapTotal":203128832,"heapUsed":174630704,"external":7762244,"arrayBuffers":4904638}},"os":{"loadavg":[0,0,0],"uptime":6576022.625},"trace":[{"column":15,"file":"node:internal/modules/cjs/loader","function":null,"line":1249,"method":null,"native":false},{"column":30,"file":"D:\\saif_projects\\interview assigment\\insightboard-backend\\node_modules\\@cspotcode\\source-map-support\\source-map-support.js","function":"Module._resolveFilename.sharedData.moduleResolveFilenameHook.installedValue [as _resolveFilename]","line":811,"method":"installedValue [as _resolveFilename]","native":false},{"column":27,"file":"node:internal/modules/cjs/loader","function":"Function._load","line":1075,"method":"_load","native":false},{"column":14,"file":"node:diagnostics_channel","function":"TracingChannel.traceSync","line":322,"method":"traceSync","native":false},{"column":24,"file":"node:internal/modules/cjs/loader","function":"wrapModuleLoad","line":219,"method":null,"native":false},{"column":12,"file":"node:internal/modules/cjs/loader","function":"Module.require","line":1340,"method":"require","native":false},{"column":16,"file":"node:internal/modules/helpers","function":"require","line":138,"method":null,"native":false},{"column":1,"file":"D:\\saif_projects\\interview assigment\\insightboard-backend\\src\\services\\transcript.service.ts","function":null,"line":10,"method":null,"native":false},{"column":14,"file":"node:internal/modules/cjs/loader","function":"Module._compile","line":1565,"method":"_compile","native":false},{"column":23,"file":"D:\\saif_projects\\interview assigment\\insightboard-backend\\node_modules\\ts-node\\src\\index.ts","function":"Module.m._compile","line":1618,"method":"_compile","native":false}]}
2026-02-04T20:32:38: [error] - Error: Cannot find module '../generated/prisma'
Require stack:
- D:\saif_projects\interview assigment\insightboard-backend\src\services\transcript.service.ts
- D:\saif_projects\interview assigment\insightboard-backend\src\routes\transcripts.route.ts
- D:\saif_projects\interview assigment\insightboard-backend\src\app.ts
- D:\saif_projects\interview assigment\insightboard-backend\src\server.ts
    at Function.<anonymous> (node:internal/modules/cjs/loader:1249:15)
    at Function.Module._resolveFilename.sharedData.moduleResolveFilenameHook.installedValue [as _resolveFilename] (D:\saif_projects\interview assigment\insightboard-backend\node_modules\@cspotcode\source-map-support\source-map-support.js:811:30)
    at Function._load (node:internal/modules/cjs/loader:1075:27)
    at TracingChannel.traceSync (node:diagnostics_channel:322:14)
    at wrapModuleLoad (node:internal/modules/cjs/loader:219:24)
    at Module.require (node:internal/modules/cjs/loader:1340:12)
    at require (node:internal/modules/helpers:138:16)
    at Object.<anonymous> (D:\saif_projects\interview assigment\insightboard-backend\src\services\transcript.service.ts:10:1)
    at Module._compile (node:internal/modules/cjs/loader:1565:14)
    at Module.m._compile (D:\saif_projects\interview assigment\insightboard-backend\node_modules\ts-node\src\index.ts:1618:23) {"error":{"code":"MODULE_NOT_FOUND","requireStack":["D:\\saif_projects\\interview assigment\\insightboard-backend\\src\\services\\transcript.service.ts","D:\\saif_projects\\interview assigment\\insightboard-backend\\src\\routes\\transcripts.route.ts","D:\\saif_projects\\interview assigment\\insightboard-backend\\src\\app.ts","D:\\saif_projects\\interview assigment\\insightboard-backend\\src\\server.ts"]},"exception":true,"date":"Wed Feb 04 2026 20:32:38 GMT+0530 (India Standard Time)","process":{"pid":30824,"uid":null,"gid":null,"cwd":"D:\\saif_projects\\interview assigment\\insightboard-backend","execPath":"C:\\Program Files\\nodejs\\node.exe","version":"v22.12.0","argv":["D:\\saif_projects\\interview assigment\\insightboard-backend\\node_modules\\ts-node\\dist\\bin.js","D:\\saif_projects\\interview assigment\\insightboard-backend\\src\\server.ts"],"memoryUsage":{"rss":252256256,"heapTotal":208687104,"heapUsed":176062416,"external":7755750,"arrayBuffers":4898144}},"os":{"loadavg":[0,0,0],"uptime":6576039.578},"trace":[{"column":15,"file":"node:internal/modules/cjs/loader","function":null,"line":1249,"method":null,"native":false},{"column":30,"file":"D:\\saif_projects\\interview assigment\\insightboard-backend\\node_modules\\@cspotcode\\source-map-support\\source-map-support.js","function":"Module._resolveFilename.sharedData.moduleResolveFilenameHook.installedValue [as _resolveFilename]","line":811,"method":"installedValue [as _resolveFilename]","native":false},{"column":27,"file":"node:internal/modules/cjs/loader","function":"Function._load","line":1075,"method":"_load","native":false},{"column":14,"file":"node:diagnostics_channel","function":"TracingChannel.traceSync","line":322,"method":"traceSync","native":false},{"column":24,"file":"node:internal/modules/cjs/loader","function":"wrapModuleLoad","line":219,"method":null,"native":false},{"column":12,"file":"node:internal/modules/cjs/loader","function":"Module.require","line":1340,"method":"require","native":false},{"column":16,"file":"node:internal/modules/helpers","function":"require","line":138,"method":null,"native":false},{"column":1,"file":"D:\\saif_projects\\interview assigment\\insightboard-backend\\src\\services\\transcript.service.ts","function":null,"line":10,"method":null,"native":false},{"column":14,"file":"node:internal/modules/cjs/loader","function":"Module._compile","line":1565,"method":"_compile","native":false},{"column":23,"file":"D:\\saif_projects\\interview assigment\\insightboard-backend\\node_modules\\ts-node\\src\\index.ts","function":"Module.m._compile","line":1618,"method":"_compile","native":false}]}
2026-02-04T20:36:42: [error] - Error: Cannot find module '../generated/prisma'
Require stack:
- D:\saif_projects\interview assigment\insightboard-backend\src\services\transcript.service.ts
- D:\saif_projects\interview assigment\insightboard-backend\src\routes\transcripts.route.ts
- D:\saif_projects\interview assigment\insightboard-backend\src\app.ts
- D:\saif_projects\interview assigment\insightboard-backend\src\server.ts
    at Function.<anonymous> (node:internal/modules/cjs/loader:1249:15)
    at Function.Module._resolveFilename.sharedData.moduleResolveFilenameHook.installedValue [as _resolveFilename] (D:\saif_projects\interview assigment\insightboard-backend\node_modules\@cspotcode\source-map-support\source-map-support.js:811:30)
    at Function._load (node:internal/modules/cjs/loader:1075:27)
    at TracingChannel.traceSync (node:diagnostics_channel:322:14)
    at wrapModuleLoad (node:internal/modules/cjs/loader:219:24)
    at Module.require (node:internal/modules/cjs/loader:1340:12)
    at require (node:internal/modules/helpers:138:16)
    at Object.<anonymous> (D:\saif_projects\interview assigment\insightboard-backend\src\services\transcript.service.ts:10:1)
    at Module._compile (node:internal/modules/cjs/loader:1565:14)
    at Module.m._compile (D:\saif_projects\interview assigment\insightboard-backend\node_modules\ts-node\src\index.ts:1618:23) {"error":{"code":"MODULE_NOT_FOUND","requireStack":["D:\\saif_projects\\interview assigment\\insightboard-backend\\src\\services\\transcript.service.ts","D:\\saif_projects\\interview assigment\\insightboard-backend\\src\\routes\\transcripts.route.ts","D:\\saif_projects\\interview assigment\\insightboard-backend\\src\\app.ts","D:\\saif_projects\\interview assigment\\insightboard-backend\\src\\server.ts"]},"exception":true,"date":"Wed Feb 04 2026 20:36:42 GMT+0530 (India Standard Time)","process":{"pid":24772,"uid":null,"gid":null,"cwd":"D:\\saif_projects\\interview assigment\\insightboard-backend","execPath":"C:\\Program Files\\nodejs\\node.exe","version":"v22.12.0","argv":["D:\\saif_projects\\interview assigment\\insightboard-backend\\node_modules\\ts-node\\dist\\bin.js","D:\\saif_projects\\interview assigment\\insightboard-backend\\src\\server.ts"],"memoryUsage":{"rss":248971264,"heapTotal":203444224,"heapUsed":177361552,"external":7768417,"arrayBuffers":4910811}},"os":{"loadavg":[0,0,0],"uptime":6576283.703},"trace":[{"column":15,"file":"node:internal/modules/cjs/loader","function":null,"line":1249,"method":null,"native":false},{"column":30,"file":"D:\\saif_projects\\interview assigment\\insightboard-backend\\node_modules\\@cspotcode\\source-map-support\\source-map-support.js","function":"Module._resolveFilename.sharedData.moduleResolveFilenameHook.installedValue [as _resolveFilename]","line":811,"method":"installedValue [as _resolveFilename]","native":false},{"column":27,"file":"node:internal/modules/cjs/loader","function":"Function._load","line":1075,"method":"_load","native":false},{"column":14,"file":"node:diagnostics_channel","function":"TracingChannel.traceSync","line":322,"method":"traceSync","native":false},{"column":24,"file":"node:internal/modules/cjs/loader","function":"wrapModuleLoad","line":219,"method":null,"native":false},{"column":12,"file":"node:internal/modules/cjs/loader","function":"Module.require","line":1340,"method":"require","native":false},{"column":16,"file":"node:internal/modules/helpers","function":"require","line":138,"method":null,"native":false},{"column":1,"file":"D:\\saif_projects\\interview assigment\\insightboard-backend\\src\\services\\transcript.service.ts","function":null,"line":10,"method":null,"native":false},{"column":14,"file":"node:internal/modules/cjs/loader","function":"Module._compile","line":1565,"method":"_compile","native":false},{"column":23,"file":"D:\\saif_projects\\interview assigment\\insightboard-backend\\node_modules\\ts-node\\src\\index.ts","function":"Module.m._compile","line":1618,"method":"_compile","native":false}]}
2026-02-04T20:36:50: [error] - Error: Cannot find module '../generated/prisma'
Require stack:
- D:\saif_projects\interview assigment\insightboard-backend\src\services\transcript.service.ts
- D:\saif_projects\interview assigment\insightboard-backend\src\routes\transcripts.route.ts
- D:\saif_projects\interview assigment\insightboard-backend\src\app.ts
- D:\saif_projects\interview assigment\insightboard-backend\src\server.ts
    at Function.<anonymous> (node:internal/modules/cjs/loader:1249:15)
    at Function.Module._resolveFilename.sharedData.moduleResolveFilenameHook.installedValue [as _resolveFilename] (D:\saif_projects\interview assigment\insightboard-backend\node_modules\@cspotcode\source-map-support\source-map-support.js:811:30)
    at Function._load (node:internal/modules/cjs/loader:1075:27)
    at TracingChannel.traceSync (node:diagnostics_channel:322:14)
    at wrapModuleLoad (node:internal/modules/cjs/loader:219:24)
    at Module.require (node:internal/modules/cjs/loader:1340:12)
    at require (node:internal/modules/helpers:138:16)
    at Object.<anonymous> (D:\saif_projects\interview assigment\insightboard-backend\src\services\transcript.service.ts:10:1)
    at Module._compile (node:internal/modules/cjs/loader:1565:14)
    at Module.m._compile (D:\saif_projects\interview assigment\insightboard-backend\node_modules\ts-node\src\index.ts:1618:23) {"error":{"code":"MODULE_NOT_FOUND","requireStack":["D:\\saif_projects\\interview assigment\\insightboard-backend\\src\\services\\transcript.service.ts","D:\\saif_projects\\interview assigment\\insightboard-backend\\src\\routes\\transcripts.route.ts","D:\\saif_projects\\interview assigment\\insightboard-backend\\src\\app.ts","D:\\saif_projects\\interview assigment\\insightboard-backend\\src\\server.ts"]},"exception":true,"date":"Wed Feb 04 2026 20:36:50 GMT+0530 (India Standard Time)","process":{"pid":38952,"uid":null,"gid":null,"cwd":"D:\\saif_projects\\interview assigment\\insightboard-backend","execPath":"C:\\Program Files\\nodejs\\node.exe","version":"v22.12.0","argv":["D:\\saif_projects\\interview assigment\\insightboard-backend\\node_modules\\ts-node\\dist\\bin.js","D:\\saif_projects\\interview assigment\\insightboard-backend\\src\\server.ts"],"memoryUsage":{"rss":251912192,"heapTotal":207900672,"heapUsed":176439816,"external":7762324,"arrayBuffers":4904718}},"os":{"loadavg":[0,0,0],"uptime":6576292.015},"trace":[{"column":15,"file":"node:internal/modules/cjs/loader","function":null,"line":1249,"method":null,"native":false},{"column":30,"file":"D:\\saif_projects\\interview assigment\\insightboard-backend\\node_modules\\@cspotcode\\source-map-support\\source-map-support.js","function":"Module._resolveFilename.sharedData.moduleResolveFilenameHook.installedValue [as _resolveFilename]","line":811,"method":"installedValue [as _resolveFilename]","native":false},{"column":27,"file":"node:internal/modules/cjs/loader","function":"Function._load","line":1075,"method":"_load","native":false},{"column":14,"file":"node:diagnostics_channel","function":"TracingChannel.traceSync","line":322,"method":"traceSync","native":false},{"column":24,"file":"node:internal/modules/cjs/loader","function":"wrapModuleLoad","line":219,"method":null,"native":false},{"column":12,"file":"node:internal/modules/cjs/loader","function":"Module.require","line":1340,"method":"require","native":false},{"column":16,"file":"node:internal/modules/helpers","function":"require","line":138,"method":null,"native":false},{"column":1,"file":"D:\\saif_projects\\interview assigment\\insightboard-backend\\src\\services\\transcript.service.ts","function":null,"line":10,"method":null,"native":false},{"column":14,"file":"node:internal/modules/cjs/loader","function":"Module._compile","line":1565,"method":"_compile","native":false},{"column":23,"file":"D:\\saif_projects\\interview assigment\\insightboard-backend\\node_modules\\ts-node\\src\\index.ts","function":"Module.m._compile","line":1618,"method":"_compile","native":false}]}
2026-02-05T09:52:43: [error] - Error: Cannot find module '../generated/prisma'
Require stack:
- D:\saif_projects\interview assigment\insightboard-backend\src\services\transcript.service.ts
- D:\saif_projects\interview assigment\insightboard-backend\src\routes\transcripts.route.ts
- D:\saif_projects\interview assigment\insightboard-backend\src\app.ts
- D:\saif_projects\interview assigment\insightboard-backend\src\server.ts
    at Function.<anonymous> (node:internal/modules/cjs/loader:1249:15)
    at Function.Module._resolveFilename.sharedData.moduleResolveFilenameHook.installedValue [as _resolveFilename] (D:\saif_projects\interview assigment\insightboard-backend\node_modules\@cspotcode\source-map-support\source-map-support.js:811:30)
    at Function._load (node:internal/modules/cjs/loader:1075:27)
    at TracingChannel.traceSync (node:diagnostics_channel:322:14)
    at wrapModuleLoad (node:internal/modules/cjs/loader:219:24)
    at Module.require (node:internal/modules/cjs/loader:1340:12)
    at require (node:internal/modules/helpers:138:16)
    at Object.<anonymous> (D:\saif_projects\interview assigment\insightboard-backend\src\services\transcript.service.ts:10:1)
    at Module._compile (node:internal/modules/cjs/loader:1565:14)
    at Module.m._compile (D:\saif_projects\interview assigment\insightboard-backend\node_modules\ts-node\src\index.ts:1618:23) {"error":{"code":"MODULE_NOT_FOUND","requireStack":["D:\\saif_projects\\interview assigment\\insightboard-backend\\src\\services\\transcript.service.ts","D:\\saif_projects\\interview assigment\\insightboard-backend\\src\\routes\\transcripts.route.ts","D:\\saif_projects\\interview assigment\\insightboard-backend\\src\\app.ts","D:\\saif_projects\\interview assigment\\insightboard-backend\\src\\server.ts"]},"exception":true,"date":"Thu Feb 05 2026 09:52:43 GMT+0530 (India Standard Time)","process":{"pid":36280,"uid":null,"gid":null,"cwd":"D:\\saif_projects\\interview assigment\\insightboard-backend","execPath":"C:\\Program Files\\nodejs\\node.exe","version":"v22.12.0","argv":["D:\\saif_projects\\interview assigment\\insightboard-backend\\node_modules\\ts-node\\dist\\bin.js","D:\\saif_projects\\interview assigment\\insightboard-backend\\src\\server.ts"],"memoryUsage":{"rss":239259648,"heapTotal":197152768,"heapUsed":172560576,"external":7762260,"arrayBuffers":4904654}},"os":{"loadavg":[0,0,0],"uptime":6624044.843},"trace":[{"column":15,"file":"node:internal/modules/cjs/loader","function":null,"line":1249,"method":null,"native":false},{"column":30,"file":"D:\\saif_projects\\interview assigment\\insightboard-backend\\node_modules\\@cspotcode\\source-map-support\\source-map-support.js","function":"Module._resolveFilename.sharedData.moduleResolveFilenameHook.installedValue [as _resolveFilename]","line":811,"method":"installedValue [as _resolveFilename]","native":false},{"column":27,"file":"node:internal/modules/cjs/loader","function":"Function._load","line":1075,"method":"_load","native":false},{"column":14,"file":"node:diagnostics_channel","function":"TracingChannel.traceSync","line":322,"method":"traceSync","native":false},{"column":24,"file":"node:internal/modules/cjs/loader","function":"wrapModuleLoad","line":219,"method":null,"native":false},{"column":12,"file":"node:internal/modules/cjs/loader","function":"Module.require","line":1340,"method":"require","native":false},{"column":16,"file":"node:internal/modules/helpers","function":"require","line":138,"method":null,"native":false},{"column":1,"file":"D:\\saif_projects\\interview assigment\\insightboard-backend\\src\\services\\transcript.service.ts","function":null,"line":10,"method":null,"native":false},{"column":14,"file":"node:internal/modules/cjs/loader","function":"Module._compile","line":1565,"method":"_compile","native":false},{"column":23,"file":"D:\\saif_projects\\interview assigment\\insightboard-backend\\node_modules\\ts-node\\src\\index.ts","function":"Module.m._compile","line":1618,"method":"_compile","native":false}]}
2026-02-05T10:08:03: [error] - Error: Cannot find module '../generated/prisma'
Require stack:
- D:\saif_projects\interview assigment\insightboard-backend\src\services\transcript.service.ts
- D:\saif_projects\interview assigment\insightboard-backend\src\routes\transcripts.route.ts
- D:\saif_projects\interview assigment\insightboard-backend\src\app.ts
- D:\saif_projects\interview assigment\insightboard-backend\src\server.ts
    at Function.<anonymous> (node:internal/modules/cjs/loader:1249:15)
    at Function.Module._resolveFilename.sharedData.moduleResolveFilenameHook.installedValue [as _resolveFilename] (D:\saif_projects\interview assigment\insightboard-backend\node_modules\@cspotcode\source-map-support\source-map-support.js:811:30)
    at Function._load (node:internal/modules/cjs/loader:1075:27)
    at TracingChannel.traceSync (node:diagnostics_channel:322:14)
    at wrapModuleLoad (node:internal/modules/cjs/loader:219:24)
    at Module.require (node:internal/modules/cjs/loader:1340:12)
    at require (node:internal/modules/helpers:138:16)
    at Object.<anonymous> (D:\saif_projects\interview assigment\insightboard-backend\src\services\transcript.service.ts:10:1)
    at Module._compile (node:internal/modules/cjs/loader:1565:14)
    at Module.m._compile (D:\saif_projects\interview assigment\insightboard-backend\node_modules\ts-node\src\index.ts:1618:23) {"error":{"code":"MODULE_NOT_FOUND","requireStack":["D:\\saif_projects\\interview assigment\\insightboard-backend\\src\\services\\transcript.service.ts","D:\\saif_projects\\interview assigment\\insightboard-backend\\src\\routes\\transcripts.route.ts","D:\\saif_projects\\interview assigment\\insightboard-backend\\src\\app.ts","D:\\saif_projects\\interview assigment\\insightboard-backend\\src\\server.ts"]},"exception":true,"date":"Thu Feb 05 2026 10:08:03 GMT+0530 (India Standard Time)","process":{"pid":44596,"uid":null,"gid":null,"cwd":"D:\\saif_projects\\interview assigment\\insightboard-backend","execPath":"C:\\Program Files\\nodejs\\node.exe","version":"v22.12.0","argv":["D:\\saif_projects\\interview assigment\\insightboard-backend\\node_modules\\ts-node\\dist\\bin.js","D:\\saif_projects\\interview assigment\\insightboard-backend\\src\\server.ts"],"memoryUsage":{"rss":245727232,"heapTotal":205017088,"heapUsed":175745872,"external":7762420,"arrayBuffers":4904814}},"os":{"loadavg":[0,0,0],"uptime":6624964.796},"trace":[{"column":15,"file":"node:internal/modules/cjs/loader","function":null,"line":1249,"method":null,"native":false},{"column":30,"file":"D:\\saif_projects\\interview assigment\\insightboard-backend\\node_modules\\@cspotcode\\source-map-support\\source-map-support.js","function":"Module._resolveFilename.sharedData.moduleResolveFilenameHook.installedValue [as _resolveFilename]","line":811,"method":"installedValue [as _resolveFilename]","native":false},{"column":27,"file":"node:internal/modules/cjs/loader","function":"Function._load","line":1075,"method":"_load","native":false},{"column":14,"file":"node:diagnostics_channel","function":"TracingChannel.traceSync","line":322,"method":"traceSync","native":false},{"column":24,"file":"node:internal/modules/cjs/loader","function":"wrapModuleLoad","line":219,"method":null,"native":false},{"column":12,"file":"node:internal/modules/cjs/loader","function":"Module.require","line":1340,"method":"require","native":false},{"column":16,"file":"node:internal/modules/helpers","function":"require","line":138,"method":null,"native":false},{"column":1,"file":"D:\\saif_projects\\interview assigment\\insightboard-backend\\src\\services\\transcript.service.ts","function":null,"line":10,"method":null,"native":false},{"column":14,"file":"node:internal/modules/cjs/loader","function":"Module._compile","line":1565,"method":"_compile","native":false},{"column":23,"file":"D:\\saif_projects\\interview assigment\\insightboard-backend\\node_modules\\ts-node\\src\\index.ts","function":"Module.m._compile","line":1618,"method":"_compile","native":false}]}
